<?xml version="1.0" encoding="utf-8"?><testsuites name="pytest tests"><testsuite name="pytest" errors="0" failures="0" skipped="0" tests="54" time="1.823" timestamp="2026-06-01T08:08:35.832314+09:00" hostname="DESKTOP-RNIEG47"><testcase classname="tests.test_app_and_safety" name="test_safety_flag_defaults_are_blocked" time="0.001" /><testcase classname="tests.test_app_and_safety" name="test_paper_safe_and_live_mode_classification" time="0.000" /><testcase classname="tests.test_app_and_safety" name="test_health_and_status_endpoints" time="0.010" /><testcase classname="tests.test_contract_registry" name="test_registry_has_three_products" time="0.000" /><testcase classname="tests.test_contract_registry" name="test_contract_spec_values_valid_and_notional" time="0.000" /><testcase classname="tests.test_contract_registry" name="test_second_thursday_known_value" time="0.000" /><testcase classname="tests.test_contract_registry" name="test_nearest_quarterly_expiry_is_future_quarter_month" time="0.000" /><testcase classname="tests.test_contract_registry" name="test_days_to_expiry_positive_and_negative" time="0.000" /><testcase classname="tests.test_contract_registry" name="test_expiring_soon_and_rollover_advisory" time="0.000" /><testcase classname="tests.test_contract_registry" name="test_invalid_spec_rejected" time="0.000" /><testcase classname="tests.test_contract_registry" name="test_get_and_list_contract" time="0.000" /><testcase classname="tests.test_market_data" name="test_mock_provider_returns_ok_deterministic" time="0.000" /><testcase classname="tests.test_market_data" name="test_mock_provider_price_varies_over_ticks" time="0.000" /><testcase classname="tests.test_market_data" name="test_kis_placeholder_never_calls_network" time="0.000" /><testcase classname="tests.test_market_data" name="test_yfinance_unavailable_no_silent_mock" time="0.736" /><testcase classname="tests.test_market_data" name="test_factory_known_and_unknown" time="0.000" /><testcase classname="tests.test_market_data" name="test_market_data_module_no_http_imports" time="0.001" /><testcase classname="tests.test_phase3_core" name="test_virtual_order_approved_within_limits" time="0.000" /><testcase classname="tests.test_phase3_core" name="test_virtual_order_rejected_over_contract_limit" time="0.000" /><testcase classname="tests.test_phase3_core" name="test_virtual_order_rejected_over_leverage" time="0.000" /><testcase classname="tests.test_phase3_core" name="test_virtual_order_rejected_on_stale_price" time="0.000" /><testcase classname="tests.test_phase3_core" name="test_live_evaluate_always_rejected" time="0.000" /><testcase classname="tests.test_phase3_core" name="test_broker_fill_opens_and_closes_position_with_pnl" time="0.000" /><testcase classname="tests.test_phase3_core" name="test_router_approved_fills_and_audits" time="0.000" /><testcase classname="tests.test_phase3_core" name="test_router_live_mode_rejects_and_audits_no_fill" time="0.000" /><testcase classname="tests.test_phase3_core" name="test_executor_refuses_non_approved" time="0.000" /><testcase classname="tests.test_phase3_core" name="test_auto_loop_one_cycle_fills_in_paper" time="0.000" /><testcase classname="tests.test_phase3_core" name="test_auto_loop_start_blocked_in_live_mode" time="0.000" /><testcase classname="tests.test_phase3_core" name="test_auto_loop_stop_idempotent" time="0.000" /><testcase classname="tests.test_phase4_strategies" name="test_signal_order_intent_invariant" time="0.000" /><testcase classname="tests.test_phase4_strategies" name="test_trend_following_uptrend_signals_open_long" time="0.000" /><testcase classname="tests.test_phase4_strategies" name="test_trend_following_downtrend_signals_open_short" time="0.000" /><testcase classname="tests.test_phase4_strategies" name="test_expiring_soon_downgrades_new_entry_to_watch" time="0.000" /><testcase classname="tests.test_phase4_strategies" name="test_council_uptrend_final_open_long" time="0.000" /><testcase classname="tests.test_phase4_strategies" name="test_council_order_intent_invariant" time="0.000" /><testcase classname="tests.test_phase4_strategies" name="test_decision_to_order_mapping" time="0.000" /><testcase classname="tests.test_phase4_strategies" name="test_council_drives_auto_loop_to_trade" time="0.001" /><testcase classname="tests.test_phase4_strategies" name="test_strategy_modules_no_execution_imports" time="0.001" /><testcase classname="tests.test_phase4_strategies" name="test_default_strategies_count" time="0.000" /><testcase classname="tests.test_phase5_backtest" name="test_metrics_basic" time="0.001" /><testcase classname="tests.test_phase5_backtest" name="test_metrics_no_losses_profit_factor_none" time="0.000" /><testcase classname="tests.test_phase5_backtest" name="test_metrics_max_drawdown" time="0.000" /><testcase classname="tests.test_phase5_backtest" name="test_backtest_runs_and_invariants" time="0.001" /><testcase classname="tests.test_phase5_backtest" name="test_backtest_short_pnl_calculated_with_multiplier" time="0.001" /><testcase classname="tests.test_phase5_backtest" name="test_backtest_report_invariant_guard" time="0.000" /><testcase classname="tests.test_phase5_backtest" name="test_walk_forward_insufficient_data" time="0.000" /><testcase classname="tests.test_phase5_backtest" name="test_walk_forward_runs_and_invariants" time="0.002" /><testcase classname="tests.test_phase5_backtest" name="test_stress_guards_pass" time="0.001" /><testcase classname="tests.test_phase5_backtest" name="test_cli_backtest_synthetic_runs" time="0.218" /><testcase classname="tests.test_phase5_backtest" name="test_cli_stress_runs" time="0.229" /><testcase classname="tests.test_routes_futures" name="test_contracts_endpoint_lists_products" time="0.009" /><testcase classname="tests.test_routes_futures" name="test_start_runs_and_status_reflects_running" time="0.010" /><testcase classname="tests.test_routes_futures" name="test_start_then_audit_records_present" time="0.138" /><testcase classname="tests.test_routes_futures" name="test_stop_sets_running_false" time="0.011" /></testsuite></testsuites>