<?xml version="1.0" encoding="utf-8"?><testsuites name="pytest tests"><testsuite name="pytest" errors="0" failures="0" skipped="0" tests="11" time="0.381" timestamp="2026-06-01T07:56:09.479325+09:00" hostname="DESKTOP-RNIEG47"><testcase classname="tests.test_app_and_safety" name="test_safety_flag_defaults_are_blocked" time="0.001" /><testcase classname="tests.test_app_and_safety" name="test_paper_safe_and_live_mode_classification" time="0.000" /><testcase classname="tests.test_app_and_safety" name="test_health_and_status_endpoints" time="0.008" /><testcase classname="tests.test_contract_registry" name="test_registry_has_three_products" time="0.000" /><testcase classname="tests.test_contract_registry" name="test_contract_spec_values_valid_and_notional" time="0.000" /><testcase classname="tests.test_contract_registry" name="test_second_thursday_known_value" time="0.000" /><testcase classname="tests.test_contract_registry" name="test_nearest_quarterly_expiry_is_future_quarter_month" time="0.000" /><testcase classname="tests.test_contract_registry" name="test_days_to_expiry_positive_and_negative" time="0.000" /><testcase classname="tests.test_contract_registry" name="test_expiring_soon_and_rollover_advisory" time="0.000" /><testcase classname="tests.test_contract_registry" name="test_invalid_spec_rejected" time="0.000" /><testcase classname="tests.test_contract_registry" name="test_get_and_list_contract" time="0.000" /></testsuite></testsuites>